<?xml version="1.0" encoding="UTF-8"?>
<!-- Generated by org.testng.reporters.JUnitXMLReporter -->
<testsuite ignored="0" hostname="HP-PCTDFHGJ" failures="0" tests="1" name="Login Test" time="16.841" errors="0" timestamp="2021-12-04T11:18:39 IST">
  <testcase classname="com.orangehrm.hybridframe_2021.testBase.TestBase" name="@BeforeTest setUP" time="16.739">
    <failure type="java.lang.NullPointerException" message="Cannot invoke &amp;quot;java.util.Properties.getProperty(String)&amp;quot; because &amp;quot;this.prop&amp;quot; is null">
      <![CDATA[java.lang.NullPointerException: Cannot invoke "java.util.Properties.getProperty(String)" because "this.prop" is null
at com.orangehrm.hybridframe_2021.utility.ConfigDataProvider.getUrl(ConfigDataProvider.java:36)
at com.orangehrm.hybridframe_2021.testBase.TestBase.setUP(TestBase.java:48)
... Removed 24 stack frames]]>
    </failure>
  </testcase> <!-- @BeforeTest setUP -->
  <testcase classname="com.orangehrm.hybridframe_2021.testBase.TestBase" name="@AfterTest tearDown" time="-1.638596919247E9">
    <skipped/>
  </testcase> <!-- @AfterTest tearDown -->
  <testcase classname="com.orangehrm.hybridframe_2021.testCases.LoginTC" name="loginToOrangeHrmTC002" time="0.0">
    <skipped/>
  </testcase> <!-- loginToOrangeHrmTC002 -->
</testsuite> <!-- Login Test -->
